[debug] > Exec(early(addDefaultCommands), None, None)
[debug] > Exec(addDefaultCommands, None, None)
[debug] > Exec(early(initialize), None, None)
[debug] > Exec(initialize, None, None)
[debug] > Exec(boot, None, None)
[debug] > Exec(writeSbtVersion, None, None)
[debug] > Exec(reload, None, None)
[debug] > Exec(sbtStashOnFailure, None, None)
[debug] > Exec(onFailure loadFailed, None, None)
[debug] > Exec(loadp, None, None)
[info] welcome to sbt 1.9.8 (Ubuntu Java 11.0.21)
[debug]       Load.loadUnit: plugins took 83.17686ms
[debug]       Load.loadUnit: defsScala took 0.380595ms
[debug] [Loading] Scanning directory /home/wgfox/.sbt/1.0/plugins
[debug] [Loading] Found non-root projects 
[debug] [Loading] Done in /home/wgfox/.sbt/1.0/plugins, returning: ()
[debug] deducing auto plugins based on known facts Set(Atom(sbt.plugins.CorePlugin)) and clauses Clauses(Clause(Atom(sbt.plugins.JvmPlugin),Set(Atom(sbt.plugins.IvyPlugin)))
[debug] Clause(Atom(sbt.ScriptedPlugin),Set(Atom(sbt.plugins.JvmPlugin)))
[debug] Clause(Atom(sbt.plugins.SbtPlugin),Set(Atom(sbt.ScriptedPlugin)))
[debug] Clause(Atom(sbt.plugins.SemanticdbPlugin),Set(Atom(sbt.plugins.JvmPlugin)))
[debug] Clause(Atom(sbt.plugins.JUnitXmlReportPlugin),Set(Atom(sbt.plugins.JvmPlugin)))
[debug] Clause(Atom(sbt.plugins.MiniDependencyTreePlugin),Set(Atom(sbt.plugins.JvmPlugin)))
[debug] Clause(Atom(sbt.plugins.CorePlugin),Set(Atom(sbt.plugins.IvyPlugin)))
[debug] Clause(Atom(sbt.plugins.IvyPlugin),Set(Atom(sbt.plugins.JvmPlugin)))
[debug] Clause(Atom(sbt.plugins.JvmPlugin),Set(Atom(sbt.plugins.SemanticdbPlugin)))
[debug] Clause(Atom(sbt.plugins.JvmPlugin),Set(Atom(sbt.plugins.JUnitXmlReportPlugin)))
[debug] Clause(Atom(sbt.plugins.CorePlugin),Set(Atom(sbt.plugins.Giter8TemplatePlugin)))
[debug] Clause(Atom(sbt.plugins.JvmPlugin),Set(Atom(sbt.plugins.MiniDependencyTreePlugin))))
[debug]   :: deduced result: Matched(sbt.plugins.CorePlugin,sbt.plugins.Giter8TemplatePlugin,sbt.plugins.IvyPlugin,sbt.plugins.JvmPlugin,sbt.plugins.MiniDependencyTreePlugin,sbt.plugins.JUnitXmlReportPlugin,sbt.plugins.SemanticdbPlugin)
[debug] Plugins.deducer#function took 10.889283 ms
[debug]           Load.resolveProject(global-plugins) took 28.2956ms
[debug]         Load.loadTransitive: finalizeProject(Project(id global-plugins, base: /home/wgfox/.sbt/1.0/plugins, plugins: List(<none>))) took 53.064237ms
[debug] [Loading] Done in /home/wgfox/.sbt/1.0/plugins, returning: (global-plugins)
[debug]       Load.loadUnit: loadedProjectsRaw took 74.830187ms
[debug]       Load.loadUnit: cleanEvalClasses took 0.150293ms
[debug]     Load.loadUnit(file:/home/wgfox/.sbt/1.0/plugins/, ...) took 166.530539ms
[debug]   Load.apply: load took 286.778722ms
[debug]   Load.apply: resolveProjects took 3.329867ms
[debug]   Load.apply: finalTransforms took 51.798283ms
[debug]   Load.apply: config.delegates took 4.714207ms
[debug]   Load.apply: Def.make(settings)... took 273.870737ms
[debug]   Load.apply: structureIndex took 53.19265ms
[debug]   Load.apply: mkStreams took 1.123393ms
[info] loading global plugins from /home/wgfox/.sbt/1.0/plugins
[debug] Running task... Cancel: Signal, check cycles: false, forcegc: true
[debug] Load.defaultLoad until apply took 2449.897355ms
[debug]           Load.loadUnit: plugins took 8.880051ms
[debug]           Load.loadUnit: defsScala took 0.002742ms
[debug] [Loading] Scanning directory /home/wgfox/Desktop/Projects/Spark/Jobs/FoxScala/project
[debug] [Loading] Found non-root projects 
[debug] [Loading] Done in /home/wgfox/Desktop/Projects/Spark/Jobs/FoxScala/project, returning: ()
[debug] deducing auto plugins based on known facts Set(Atom(sbt.plugins.CorePlugin)) and clauses Clauses(Clause(Atom(sbt.plugins.JvmPlugin),Set(Atom(sbt.plugins.IvyPlugin)))
[debug] Clause(Atom(sbt.ScriptedPlugin),Set(Atom(sbt.plugins.JvmPlugin)))
[debug] Clause(Atom(sbt.plugins.SbtPlugin),Set(Atom(sbt.ScriptedPlugin)))
[debug] Clause(Atom(sbt.plugins.SemanticdbPlugin),Set(Atom(sbt.plugins.JvmPlugin)))
[debug] Clause(Atom(sbt.plugins.JUnitXmlReportPlugin),Set(Atom(sbt.plugins.JvmPlugin)))
[debug] Clause(Atom(sbt.plugins.MiniDependencyTreePlugin),Set(Atom(sbt.plugins.JvmPlugin)))
[debug] Clause(Atom(sbt.plugins.CorePlugin),Set(Atom(sbt.plugins.IvyPlugin)))
[debug] Clause(Atom(sbt.plugins.IvyPlugin),Set(Atom(sbt.plugins.JvmPlugin)))
[debug] Clause(Atom(sbt.plugins.JvmPlugin),Set(Atom(sbt.plugins.SemanticdbPlugin)))
[debug] Clause(Atom(sbt.plugins.JvmPlugin),Set(Atom(sbt.plugins.JUnitXmlReportPlugin)))
[debug] Clause(Atom(sbt.plugins.CorePlugin),Set(Atom(sbt.plugins.Giter8TemplatePlugin)))
[debug] Clause(Atom(sbt.plugins.JvmPlugin),Set(Atom(sbt.plugins.MiniDependencyTreePlugin))))
[debug]   :: deduced result: Matched(sbt.plugins.CorePlugin,sbt.plugins.Giter8TemplatePlugin,sbt.plugins.IvyPlugin,sbt.plugins.JvmPlugin,sbt.plugins.MiniDependencyTreePlugin,sbt.plugins.JUnitXmlReportPlugin,sbt.plugins.SemanticdbPlugin)
[debug] Plugins.deducer#function took 0.984597 ms
[debug]               Load.resolveProject(foxscala-build) took 0.562677ms
[debug]             Load.loadTransitive: finalizeProject(Project(id foxscala-build, base: /home/wgfox/Desktop/Projects/Spark/Jobs/FoxScala/project, plugins: List(<none>))) took 1.846587ms
[debug] [Loading] Done in /home/wgfox/Desktop/Projects/Spark/Jobs/FoxScala/project, returning: (foxscala-build)
[debug]           Load.loadUnit: loadedProjectsRaw took 2.660665ms
[debug]           Load.loadUnit: cleanEvalClasses took 0.006817ms
[debug]         Load.loadUnit(file:/home/wgfox/Desktop/Projects/Spark/Jobs/FoxScala/project/, ...) took 11.885297ms
[debug]       Load.apply: load took 12.516414ms
[debug]       Load.apply: resolveProjects took 0.067892ms
[debug]       Load.apply: finalTransforms took 5.43441ms
[debug]       Load.apply: config.delegates took 0.226486ms
[debug]       Load.apply: Def.make(settings)... took 55.07042ms
[debug]       Load.apply: structureIndex took 29.212745ms
[debug]       Load.apply: mkStreams took 0.002917ms
[info] loading project definition from /home/wgfox/Desktop/Projects/Spark/Jobs/FoxScala/project
[debug] Running task... Cancel: Signal, check cycles: false, forcegc: true
[debug]     Load.loadUnit: plugins took 314.071576ms
[debug]     Load.loadUnit: defsScala took 0.003257ms
[debug] [Loading] Scanning directory /home/wgfox/Desktop/Projects/Spark/Jobs/FoxScala
[debug]       Load.loadUnit: mkEval took 3.279331ms
[debug] [Loading] Found root project root w/ remaining 
[debug] deducing auto plugins based on known facts Set(Atom(sbt.plugins.CorePlugin)) and clauses Clauses(Clause(Atom(sbt.plugins.JvmPlugin),Set(Atom(sbt.plugins.IvyPlugin)))
[debug] Clause(Atom(sbt.ScriptedPlugin),Set(Atom(sbt.plugins.JvmPlugin)))
[debug] Clause(Atom(sbt.plugins.SbtPlugin),Set(Atom(sbt.ScriptedPlugin)))
[debug] Clause(Atom(sbt.plugins.SemanticdbPlugin),Set(Atom(sbt.plugins.JvmPlugin)))
[debug] Clause(Atom(sbt.plugins.JUnitXmlReportPlugin),Set(Atom(sbt.plugins.JvmPlugin)))
[debug] Clause(Atom(sbt.plugins.MiniDependencyTreePlugin),Set(Atom(sbt.plugins.JvmPlugin)))
[debug] Clause(Atom(sbt.plugins.CorePlugin),Set(Atom(sbt.plugins.IvyPlugin)))
[debug] Clause(Atom(sbt.plugins.IvyPlugin),Set(Atom(sbt.plugins.JvmPlugin)))
[debug] Clause(Atom(sbt.plugins.JvmPlugin),Set(Atom(sbt.plugins.SemanticdbPlugin)))
[debug] Clause(Atom(sbt.plugins.JvmPlugin),Set(Atom(sbt.plugins.JUnitXmlReportPlugin)))
[debug] Clause(Atom(sbt.plugins.CorePlugin),Set(Atom(sbt.plugins.Giter8TemplatePlugin)))
[debug] Clause(Atom(sbt.plugins.JvmPlugin),Set(Atom(sbt.plugins.MiniDependencyTreePlugin))))
[debug]   :: deduced result: Matched(sbt.plugins.CorePlugin,sbt.plugins.Giter8TemplatePlugin,sbt.plugins.IvyPlugin,sbt.plugins.JvmPlugin,sbt.plugins.MiniDependencyTreePlugin,sbt.plugins.JUnitXmlReportPlugin,sbt.plugins.SemanticdbPlugin)
[debug] Plugins.deducer#function took 0.954031 ms
[info] loading settings for project root from build.sbt ...
[debug]         Load.resolveProject(root) took 1.548124ms
[debug]       Load.loadTransitive: finalizeProject(Project(id root, base: /home/wgfox/Desktop/Projects/Spark/Jobs/FoxScala, plugins: List(<none>))) took 3.34762ms
[debug] [Loading] Done in /home/wgfox/Desktop/Projects/Spark/Jobs/FoxScala, returning: (root)
[debug]     Load.loadUnit: loadedProjectsRaw took 1481.508365ms
[debug]     Load.loadUnit: cleanEvalClasses took 2.318645ms
[debug]   Load.loadUnit(file:/home/wgfox/Desktop/Projects/Spark/Jobs/FoxScala/, ...) took 1798.417112ms
[debug] Load.apply: load took 1799.295055ms
[debug] Load.apply: resolveProjects took 0.081779ms
[debug] Load.apply: finalTransforms took 5.547421ms
[debug] Load.apply: config.delegates took 0.212203ms
[debug] Load.apply: Def.make(settings)... took 42.66991ms
[debug] Load.apply: structureIndex took 27.203451ms
[debug] Load.apply: mkStreams took 0.003279ms
[info] set current project to FoxScala (in build file:/home/wgfox/Desktop/Projects/Spark/Jobs/FoxScala/)
[debug] > Exec(sbtPopOnFailure, None, None)
[debug] > Exec(resumeFromFailure, None, None)
[debug] > Exec(notifyUsersAboutShell, None, None)
[debug] > Exec(iflast shell, None, None)
[debug] > Exec(shell, None, None)
[info] sbt server started at local:///home/wgfox/.sbt/1.0/server/893757f20de40334944f/sock
[debug] Writing bsp connection file
[info] started sbt server
